<?xml version="1.0" encoding="UTF-8"?>
<testng-results ignored="0" total="3" passed="2" failed="1" skipped="0">
  <reporter-output>
  </reporter-output>
  <suite started-at="2026-03-11T18:38:57 IST" name="Default suite" finished-at="2026-03-11T18:39:18 IST" duration-ms="20336">
    <groups>
    </groups>
    <test started-at="2026-03-11T18:38:57 IST" name="Default test" finished-at="2026-03-11T18:39:18 IST" duration-ms="20336">
      <class name="tests.LoginTest">
        <test-method is-config="true" signature="setupReport()[pri:0, instance:tests.LoginTest@291caca8]" started-at="2026-03-11T18:38:57 IST" name="setupReport" finished-at="2026-03-11T18:38:57 IST" duration-ms="234" status="PASS">
          <reporter-output>
          </reporter-output>
        </test-method> <!-- setupReport -->
        <test-method is-config="true" signature="setUp()[pri:0, instance:tests.LoginTest@291caca8]" started-at="2026-03-11T18:38:58 IST" name="setUp" finished-at="2026-03-11T18:39:04 IST" duration-ms="5895" status="PASS">
          <reporter-output>
          </reporter-output>
        </test-method> <!-- setUp -->
        <test-method signature="testValidLogin(java.lang.String,java.lang.String)[pri:0, instance:tests.LoginTest@291caca8]" started-at="2026-03-11T18:39:04 IST" name="testValidLogin" data-provider="LoginData" finished-at="2026-03-11T18:39:05 IST" duration-ms="662" status="PASS">
          <params>
            <param index="0">
              <value>
                <![CDATA[Bose]]>
              </value>
            </param>
            <param index="1">
              <value>
                <![CDATA[Lakkakula]]>
              </value>
            </param>
          </params>
          <reporter-output>
          </reporter-output>
        </test-method> <!-- testValidLogin -->
        <test-method is-config="true" signature="tearDown(org.testng.ITestResult)[pri:0, instance:tests.LoginTest@291caca8]" started-at="2026-03-11T18:39:05 IST" name="tearDown" finished-at="2026-03-11T18:39:05 IST" duration-ms="2" status="PASS">
          <params>
            <param index="0">
              <value>
                <![CDATA[[TestResult name=testValidLogin status=SUCCESS method=LoginTest.testValidLogin(java.lang.String,java.lang.String)[pri:0, instance:tests.LoginTest@291caca8] output={null}]]]>
              </value>
            </param>
          </params>
          <reporter-output>
          </reporter-output>
        </test-method> <!-- tearDown -->
        <test-method is-config="true" signature="setUp()[pri:0, instance:tests.LoginTest@291caca8]" started-at="2026-03-11T18:39:05 IST" name="setUp" finished-at="2026-03-11T18:39:11 IST" duration-ms="6494" status="PASS">
          <reporter-output>
          </reporter-output>
        </test-method> <!-- setUp -->
        <test-method signature="testValidLogin(java.lang.String,java.lang.String)[pri:0, instance:tests.LoginTest@291caca8]" started-at="2026-03-11T18:39:11 IST" name="testValidLogin" data-provider="LoginData" finished-at="2026-03-11T18:39:12 IST" duration-ms="798" status="PASS">
          <params>
            <param index="0">
              <value>
                <![CDATA[Jagadeesh]]>
              </value>
            </param>
            <param index="1">
              <value>
                <![CDATA[Lakkakula]]>
              </value>
            </param>
          </params>
          <reporter-output>
          </reporter-output>
        </test-method> <!-- testValidLogin -->
        <test-method is-config="true" signature="tearDown(org.testng.ITestResult)[pri:0, instance:tests.LoginTest@291caca8]" started-at="2026-03-11T18:39:12 IST" name="tearDown" finished-at="2026-03-11T18:39:12 IST" duration-ms="1" status="PASS">
          <params>
            <param index="0">
              <value>
                <![CDATA[[TestResult name=testValidLogin status=SUCCESS method=LoginTest.testValidLogin(java.lang.String,java.lang.String)[pri:0, instance:tests.LoginTest@291caca8] output={null}]]]>
              </value>
            </param>
          </params>
          <reporter-output>
          </reporter-output>
        </test-method> <!-- tearDown -->
        <test-method is-config="true" signature="setUp()[pri:0, instance:tests.LoginTest@291caca8]" started-at="2026-03-11T18:39:12 IST" name="setUp" finished-at="2026-03-11T18:39:16 IST" duration-ms="4270" status="PASS">
          <reporter-output>
          </reporter-output>
        </test-method> <!-- setUp -->
        <test-method signature="testValidLogin(java.lang.String,java.lang.String)[pri:0, instance:tests.LoginTest@291caca8]" started-at="2026-03-11T18:39:16 IST" name="testValidLogin" data-provider="LoginData" finished-at="2026-03-11T18:39:18 IST" duration-ms="1255" status="FAIL">
          <params>
            <param index="0">
              <value>
                <![CDATA[admin@yourstore.com]]>
              </value>
            </param>
            <param index="1">
              <value>
                <![CDATA[admin]]>
              </value>
            </param>
          </params>
          <exception class="org.junit.ComparisonFailure">
            <message>
              <![CDATA[expected:<[Just a moment...]> but was:<[nopCommerce demo store. Login]>]]>
            </message>
            <full-stacktrace>
              <![CDATA[org.junit.ComparisonFailure: expected:<[Just a moment...]> but was:<[nopCommerce demo store. Login]>
at org.junit.Assert.assertEquals(Assert.java:117)
at org.junit.Assert.assertEquals(Assert.java:146)
at tests.LoginTest.testValidLogin(LoginTest.java:55)
at java.base/jdk.internal.reflect.DirectMethodHandleAccessor.invoke(DirectMethodHandleAccessor.java:103)
at java.base/java.lang.reflect.Method.invoke(Method.java:580)
at org.testng.internal.invokers.MethodInvocationHelper.invokeMethod(MethodInvocationHelper.java:141)
at org.testng.internal.invokers.TestInvoker.invokeMethod(TestInvoker.java:687)
at org.testng.internal.invokers.TestInvoker.invokeTestMethod(TestInvoker.java:230)
at org.testng.internal.invokers.MethodRunner.runInSequence(MethodRunner.java:63)
at org.testng.internal.invokers.TestInvoker$MethodInvocationAgent.invoke(TestInvoker.java:995)
at org.testng.internal.invokers.TestInvoker.invokeTestMethods(TestInvoker.java:203)
at org.testng.internal.invokers.TestMethodWorker.invokeTestMethods(TestMethodWorker.java:154)
at org.testng.internal.invokers.TestMethodWorker.run(TestMethodWorker.java:134)
at java.base/java.util.ArrayList.forEach(ArrayList.java:1596)
at org.testng.TestRunner.privateRun(TestRunner.java:741)
at org.testng.TestRunner.run(TestRunner.java:616)
at org.testng.SuiteRunner.runTest(SuiteRunner.java:421)
at org.testng.SuiteRunner.runSequentially(SuiteRunner.java:413)
at org.testng.SuiteRunner.privateRun(SuiteRunner.java:373)
at org.testng.SuiteRunner.run(SuiteRunner.java:312)
at org.testng.SuiteRunnerWorker.runSuite(SuiteRunnerWorker.java:52)
at org.testng.SuiteRunnerWorker.run(SuiteRunnerWorker.java:95)
at org.testng.TestNG.runSuitesSequentially(TestNG.java:1274)
at org.testng.TestNG.runSuitesLocally(TestNG.java:1208)
at org.testng.TestNG.runSuites(TestNG.java:1112)
at org.testng.TestNG.run(TestNG.java:1079)
at org.testng.remote.AbstractRemoteTestNG.run(AbstractRemoteTestNG.java:115)
at org.testng.remote.RemoteTestNG.initAndRun(RemoteTestNG.java:293)
at org.testng.remote.RemoteTestNG.main(RemoteTestNG.java:91)
]]>
            </full-stacktrace>
          </exception> <!-- org.junit.ComparisonFailure -->
          <reporter-output>
          </reporter-output>
        </test-method> <!-- testValidLogin -->
        <test-method is-config="true" signature="tearDown(org.testng.ITestResult)[pri:0, instance:tests.LoginTest@291caca8]" started-at="2026-03-11T18:39:18 IST" name="tearDown" finished-at="2026-03-11T18:39:18 IST" duration-ms="111" status="PASS">
          <params>
            <param index="0">
              <value>
                <![CDATA[[TestResult name=testValidLogin status=FAILURE method=LoginTest.testValidLogin(java.lang.String,java.lang.String)[pri:0, instance:tests.LoginTest@291caca8] output={null}]]]>
              </value>
            </param>
          </params>
          <reporter-output>
          </reporter-output>
        </test-method> <!-- tearDown -->
        <test-method is-config="true" signature="teardownReport()[pri:0, instance:tests.LoginTest@291caca8]" started-at="2026-03-11T18:39:18 IST" name="teardownReport" finished-at="2026-03-11T18:39:18 IST" duration-ms="447" status="PASS">
          <reporter-output>
          </reporter-output>
        </test-method> <!-- teardownReport -->
      </class> <!-- tests.LoginTest -->
    </test> <!-- Default test -->
  </suite> <!-- Default suite -->
</testng-results>
