<?xml version="1.0" encoding="UTF-8"?>
<!-- Generated by org.testng.reporters.JUnitXMLReporter -->
<testsuite ignored="0" hostname="CDC2-L-G04GF30" failures="1" tests="1" name="LoginTests" time="12.127" errors="0" timestamp="2026-03-02T21:30:14 IST">
  <testcase classname="tests.LoginTest" name="testValidLogin" time="1.633">
    <failure type="org.junit.ComparisonFailure" message="expected:&amp;lt;[Just a moment...]&amp;gt; but was:&amp;lt;[Dashboard / nopCommerce administration]&amp;gt;">
      <![CDATA[org.junit.ComparisonFailure: expected:<[Just a moment...]> but was:<[Dashboard / nopCommerce administration]>
at org.junit.Assert.assertEquals(Assert.java:117)
at org.junit.Assert.assertEquals(Assert.java:146)
at tests.LoginTest.testValidLogin(LoginTest.java:58)
at java.base/java.util.ArrayList.forEach(ArrayList.java:1596)
... Removed 25 stack frames]]>
    </failure>
  </testcase> <!-- testValidLogin -->
</testsuite> <!-- LoginTests -->
